{"E:\\dasanxia\\Spa\\classdemo\\2020-2-28\\entropy\\entropy.js":{"path":"E:\\dasanxia\\Spa\\classdemo\\2020-2-28\\entropy\\entropy.js","s":{"1":1,"2":9,"3":9,"4":2,"5":7,"6":14,"7":9,"8":1,"9":1,"10":1,"11":8,"12":12,"13":12,"14":4,"15":4,"16":4,"17":1,"18":1,"19":3,"20":1,"21":1,"22":2,"23":2,"24":4,"25":2,"26":1,"27":18,"28":18,"29":3,"30":3,"31":15,"32":2,"33":2,"34":13,"35":2,"36":2,"37":11,"38":11,"39":1,"40":12,"41":27,"42":1,"43":2,"44":8,"45":1,"46":32,"47":1,"48":1,"49":1,"50":1,"51":1},"b":{"1":[2,7],"2":[1,8],"3":[4,8],"4":[1,3],"5":[1,2],"6":[3,15],"7":[2,13],"8":[2,11]},"f":{"1":9,"2":18,"3":12,"4":2,"5":32},"fnMap":{"1":{"name":"transform","line":9,"loc":{"start":{"line":9,"column":0},"end":{"line":9,"column":24}}},"2":{"name":"validate","line":60,"loc":{"start":{"line":60,"column":2},"end":{"line":60,"column":24}}},"3":{"name":"sigma","line":91,"loc":{"start":{"line":91,"column":2},"end":{"line":91,"column":20}}},"4":{"name":"h","line":107,"loc":{"start":{"line":107,"column":2},"end":{"line":107,"column":16}}},"5":{"name":"roundFractional","line":120,"loc":{"start":{"line":120,"column":2},"end":{"line":120,"column":33}}}},"statementMap":{"1":{"start":{"line":9,"column":0},"end":{"line":51,"column":3}},"2":{"start":{"line":10,"column":4},"end":{"line":14,"column":6}},"3":{"start":{"line":16,"column":4},"end":{"line":20,"column":5}},"4":{"start":{"line":17,"column":6},"end":{"line":17,"column":35}},"5":{"start":{"line":19,"column":6},"end":{"line":19,"column":61}},"6":{"start":{"line":19,"column":39},"end":{"line":19,"column":61}},"7":{"start":{"line":22,"column":4},"end":{"line":26,"column":5}},"8":{"start":{"line":23,"column":6},"end":{"line":23,"column":44}},"9":{"start":{"line":24,"column":6},"end":{"line":24,"column":26}},"10":{"start":{"line":25,"column":6},"end":{"line":25,"column":20}},"11":{"start":{"line":28,"column":4},"end":{"line":34,"column":5}},"12":{"start":{"line":29,"column":6},"end":{"line":29,"column":38}},"13":{"start":{"line":30,"column":6},"end":{"line":33,"column":7}},"14":{"start":{"line":31,"column":8},"end":{"line":31,"column":35}},"15":{"start":{"line":32,"column":8},"end":{"line":32,"column":22}},"16":{"start":{"line":36,"column":4},"end":{"line":39,"column":5}},"17":{"start":{"line":37,"column":6},"end":{"line":37,"column":41}},"18":{"start":{"line":38,"column":6},"end":{"line":38,"column":20}},"19":{"start":{"line":42,"column":4},"end":{"line":45,"column":5}},"20":{"start":{"line":43,"column":6},"end":{"line":43,"column":41}},"21":{"start":{"line":44,"column":6},"end":{"line":44,"column":20}},"22":{"start":{"line":47,"column":4},"end":{"line":47,"column":23}},"23":{"start":{"line":48,"column":4},"end":{"line":48,"column":73}},"24":{"start":{"line":48,"column":39},"end":{"line":48,"column":73}},"25":{"start":{"line":50,"column":4},"end":{"line":50,"column":18}},"26":{"start":{"line":60,"column":2},"end":{"line":83,"column":3}},"27":{"start":{"line":61,"column":4},"end":{"line":64,"column":6}},"28":{"start":{"line":66,"column":4},"end":{"line":69,"column":5}},"29":{"start":{"line":67,"column":6},"end":{"line":67,"column":31}},"30":{"start":{"line":68,"column":6},"end":{"line":68,"column":20}},"31":{"start":{"line":71,"column":4},"end":{"line":74,"column":5}},"32":{"start":{"line":72,"column":6},"end":{"line":72,"column":36}},"33":{"start":{"line":73,"column":6},"end":{"line":73,"column":20}},"34":{"start":{"line":76,"column":4},"end":{"line":79,"column":5}},"35":{"start":{"line":77,"column":6},"end":{"line":77,"column":36}},"36":{"start":{"line":78,"column":6},"end":{"line":78,"column":20}},"37":{"start":{"line":81,"column":4},"end":{"line":81,"column":23}},"38":{"start":{"line":82,"column":4},"end":{"line":82,"column":18}},"39":{"start":{"line":91,"column":2},"end":{"line":95,"column":3}},"40":{"start":{"line":92,"column":4},"end":{"line":94,"column":10}},"41":{"start":{"line":93,"column":6},"end":{"line":93,"column":52}},"42":{"start":{"line":107,"column":2},"end":{"line":111,"column":3}},"43":{"start":{"line":108,"column":4},"end":{"line":110,"column":10}},"44":{"start":{"line":109,"column":6},"end":{"line":109,"column":40}},"45":{"start":{"line":120,"column":2},"end":{"line":122,"column":3}},"46":{"start":{"line":121,"column":4},"end":{"line":121,"column":61}},"47":{"start":{"line":124,"column":2},"end":{"line":124,"column":23}},"48":{"start":{"line":125,"column":2},"end":{"line":125,"column":31}},"49":{"start":{"line":126,"column":2},"end":{"line":126,"column":37}},"50":{"start":{"line":127,"column":2},"end":{"line":127,"column":39}},"51":{"start":{"line":128,"column":2},"end":{"line":128,"column":51}}},"branchMap":{"1":{"line":16,"type":"if","locations":[{"start":{"line":16,"column":4},"end":{"line":16,"column":4}},{"start":{"line":16,"column":4},"end":{"line":16,"column":4}}]},"2":{"line":22,"type":"if","locations":[{"start":{"line":22,"column":4},"end":{"line":22,"column":4}},{"start":{"line":22,"column":4},"end":{"line":22,"column":4}}]},"3":{"line":30,"type":"if","locations":[{"start":{"line":30,"column":6},"end":{"line":30,"column":6}},{"start":{"line":30,"column":6},"end":{"line":30,"column":6}}]},"4":{"line":36,"type":"if","locations":[{"start":{"line":36,"column":4},"end":{"line":36,"column":4}},{"start":{"line":36,"column":4},"end":{"line":36,"column":4}}]},"5":{"line":42,"type":"if","locations":[{"start":{"line":42,"column":4},"end":{"line":42,"column":4}},{"start":{"line":42,"column":4},"end":{"line":42,"column":4}}]},"6":{"line":66,"type":"if","locations":[{"start":{"line":66,"column":4},"end":{"line":66,"column":4}},{"start":{"line":66,"column":4},"end":{"line":66,"column":4}}]},"7":{"line":71,"type":"if","locations":[{"start":{"line":71,"column":4},"end":{"line":71,"column":4}},{"start":{"line":71,"column":4},"end":{"line":71,"column":4}}]},"8":{"line":76,"type":"if","locations":[{"start":{"line":76,"column":4},"end":{"line":76,"column":4}},{"start":{"line":76,"column":4},"end":{"line":76,"column":4}}]}}}}