TN:
SF:E:\dasanxia\Spa\classdemo\2020-2-28\entropy\entropy.js
FN:9,transform
FN:60,validate
FN:91,sigma
FN:107,h
FN:120,roundFractional
FNF:5
FNH:5
FNDA:9,transform
FNDA:18,validate
FNDA:12,sigma
FNDA:2,h
FNDA:32,roundFractional
DA:9,1
DA:10,9
DA:16,9
DA:17,2
DA:19,14
DA:22,9
DA:23,1
DA:24,1
DA:25,1
DA:28,8
DA:29,12
DA:30,12
DA:31,4
DA:32,4
DA:36,4
DA:37,1
DA:38,1
DA:42,3
DA:43,1
DA:44,1
DA:47,2
DA:48,4
DA:50,2
DA:60,1
DA:61,18
DA:66,18
DA:67,3
DA:68,3
DA:71,15
DA:72,2
DA:73,2
DA:76,13
DA:77,2
DA:78,2
DA:81,11
DA:82,11
DA:91,1
DA:92,12
DA:93,27
DA:107,1
DA:108,2
DA:109,8
DA:120,1
DA:121,32
DA:124,1
DA:125,1
DA:126,1
DA:127,1
DA:128,1
LF:49
LH:49
BRDA:16,1,0,2
BRDA:16,1,1,7
BRDA:22,2,0,1
BRDA:22,2,1,8
BRDA:30,3,0,4
BRDA:30,3,1,8
BRDA:36,4,0,1
BRDA:36,4,1,3
BRDA:42,5,0,1
BRDA:42,5,1,2
BRDA:66,6,0,3
BRDA:66,6,1,15
BRDA:71,7,0,2
BRDA:71,7,1,13
BRDA:76,8,0,2
BRDA:76,8,1,11
BRF:16
BRH:16
end_of_record
